bpipe.Runner	INFO	|11:12:05 Starting 
bpipe.Config	INFO	|11:12:05 Reading Bpipe configuration from /n/scratch00/hsph/projects/js_trinity/src/newbpipe/bpipe.config 
bpipe.Config	INFO	|11:12:05 Merging local config file 
bpipe.Config	INFO	|11:12:05 Default executor is Lsf 
bpipe.ToolDatabase	INFO	|11:12:05 Loading tool database from user configuration 
bpipe.Tool	INFO	|11:12:05 Configured meta data about tool samtools 
bpipe.Tool	INFO	|11:12:05 Configured meta data about tool bwa 
bpipe.Tool	INFO	|11:12:05 Configured meta data about tool bowtie 
bpipe.Tool	INFO	|11:12:05 Configured meta data about tool bowtie2 
bpipe.Tool	INFO	|11:12:05 Configured meta data about tool GenomeAnalysisTK 
bpipe.Tool	INFO	|11:12:05 Configured meta data about tool ls 
bpipe.Pipeline	INFO	|11:12:06 Evaluating library file /n/home05/kirchner/hsph_scratch/projects/js_trinity/src/newbpipe/bwa.groovy 
bpipe.Pipeline	SEVERE	|11:12:06 Failed to evaluate script /n/home05/kirchner/hsph_scratch/projects/js_trinity/src/newbpipe/bwa.groovy: org.codehaus.groovy.control.MultipleCompilationErrorsException: startup failed:
Script1.groovy: 16: expecting anything but ''\n''; got it anyway @ line 16, column 46.
   ex -p $vectordir -a is $vector
                                 ^

1 error
 
bpipe.Pipeline	INFO	|11:12:06 Evaluating library file /n/home05/kirchner/hsph_scratch/projects/js_trinity/src/newbpipe/cutadapt.groovy 
bpipe.PipelineCategory	INFO	|11:12:06 Found closure variable trim_polya 
bpipe.PipelineCategory	INFO	|11:12:06 Found closure variable cutadapt 
bpipe.PipelineCategory	INFO	|11:12:06 Found closure variable trim_illum 
bpipe.Pipeline	INFO	|11:12:06 Evaluating library file /n/home05/kirchner/hsph_scratch/projects/js_trinity/src/newbpipe/fastqc.groovy 
bpipe.PipelineCategory	INFO	|11:12:06 Found closure variable trim_polya 
bpipe.PipelineCategory	INFO	|11:12:06 Found closure variable cutadapt 
bpipe.PipelineCategory	INFO	|11:12:06 Found closure variable trim_illum 
bpipe.PipelineCategory	INFO	|11:12:06 Found closure variable fastqc 
bpipe.Pipeline	INFO	|11:12:06 Evaluating library file /n/home05/kirchner/hsph_scratch/projects/js_trinity/src/newbpipe/jellyfish.groovy 
bpipe.Pipeline	INFO	|11:12:06 Running with input null 
bpipe.PipelineCategory	INFO	|11:12:06 Found closure variable trim_polya 
bpipe.PipelineCategory	INFO	|11:12:06 Found closure variable cutadapt 
bpipe.PipelineCategory	INFO	|11:12:06 Found closure variable trim_illum 
bpipe.PipelineCategory	INFO	|11:12:06 Found closure variable fastqc 
bpipe.PipelineCategory	INFO	|11:12:06 Found closure variable jellyfish_count 
bpipe.PipelineCategory	INFO	|11:12:06 Found closure variable jellyfish_merge 
bpipe.Pipeline	INFO	|11:12:06 Evaluating library file /n/home05/kirchner/hsph_scratch/projects/js_trinity/src/newbpipe/bwa.groovy 
bpipe.Pipeline	SEVERE	|11:12:06 Failed to evaluate script /n/home05/kirchner/hsph_scratch/projects/js_trinity/src/newbpipe/bwa.groovy: org.codehaus.groovy.control.MultipleCompilationErrorsException: startup failed:
Script1.groovy: 16: expecting anything but ''\n''; got it anyway @ line 16, column 46.
   ex -p $vectordir -a is $vector
                                 ^

1 error
 
bpipe.Pipeline	INFO	|11:12:06 Evaluating library file /n/home05/kirchner/hsph_scratch/projects/js_trinity/src/newbpipe/cutadapt.groovy 
bpipe.PipelineCategory	INFO	|11:12:06 Found closure variable trim_polya 
bpipe.PipelineCategory	INFO	|11:12:06 Found closure variable cutadapt 
bpipe.PipelineCategory	INFO	|11:12:06 Found closure variable trim_illum 
bpipe.Pipeline	INFO	|11:12:06 Evaluating library file /n/home05/kirchner/hsph_scratch/projects/js_trinity/src/newbpipe/fastqc.groovy 
bpipe.PipelineCategory	INFO	|11:12:06 Found closure variable trim_polya 
bpipe.PipelineCategory	INFO	|11:12:06 Found closure variable cutadapt 
bpipe.PipelineCategory	INFO	|11:12:06 Found closure variable trim_illum 
bpipe.PipelineCategory	INFO	|11:12:06 Found closure variable fastqc 
bpipe.Pipeline	INFO	|11:12:06 Evaluating library file /n/home05/kirchner/hsph_scratch/projects/js_trinity/src/newbpipe/jellyfish.groovy 
bpipe.Pipeline	INFO	|11:12:06 Running with input null 
bpipe.PipelineCategory	INFO	|11:12:06 Found closure variable trim_polya 
bpipe.PipelineCategory	INFO	|11:12:06 Found closure variable cutadapt 
bpipe.PipelineCategory	INFO	|11:12:06 Found closure variable trim_illum 
bpipe.PipelineCategory	INFO	|11:12:06 Found closure variable fastqc 
bpipe.PipelineCategory	INFO	|11:12:06 Found closure variable jellyfish_count 
bpipe.PipelineCategory	INFO	|11:12:06 Found closure variable jellyfish_merge 
bpipe.Pipeline	INFO	|11:12:06 Evaluating library file /n/home05/kirchner/hsph_scratch/projects/js_trinity/src/newbpipe/bwa.groovy 
bpipe.Pipeline	SEVERE	|11:12:06 Failed to evaluate script /n/home05/kirchner/hsph_scratch/projects/js_trinity/src/newbpipe/bwa.groovy: org.codehaus.groovy.control.MultipleCompilationErrorsException: startup failed:
Script1.groovy: 16: expecting anything but ''\n''; got it anyway @ line 16, column 46.
   ex -p $vectordir -a is $vector
                                 ^

1 error
 
bpipe.Pipeline	INFO	|11:12:06 Evaluating library file /n/home05/kirchner/hsph_scratch/projects/js_trinity/src/newbpipe/cutadapt.groovy 
bpipe.PipelineCategory	INFO	|11:12:06 Found closure variable trim_polya 
bpipe.PipelineCategory	INFO	|11:12:06 Found closure variable cutadapt 
bpipe.PipelineCategory	INFO	|11:12:06 Found closure variable trim_illum 
bpipe.Pipeline	INFO	|11:12:06 Evaluating library file /n/home05/kirchner/hsph_scratch/projects/js_trinity/src/newbpipe/fastqc.groovy 
bpipe.PipelineCategory	INFO	|11:12:06 Found closure variable trim_polya 
bpipe.PipelineCategory	INFO	|11:12:06 Found closure variable cutadapt 
bpipe.PipelineCategory	INFO	|11:12:06 Found closure variable trim_illum 
bpipe.PipelineCategory	INFO	|11:12:06 Found closure variable fastqc 
bpipe.Pipeline	INFO	|11:12:06 Evaluating library file /n/home05/kirchner/hsph_scratch/projects/js_trinity/src/newbpipe/jellyfish.groovy 
bpipe.Pipeline	INFO	|11:12:06 Running with input null 
bpipe.PipelineCategory	INFO	|11:12:06 Found closure variable trim_polya 
bpipe.PipelineCategory	INFO	|11:12:06 Found closure variable cutadapt 
bpipe.PipelineCategory	INFO	|11:12:06 Found closure variable trim_illum 
bpipe.PipelineCategory	INFO	|11:12:06 Found closure variable fastqc 
bpipe.PipelineCategory	INFO	|11:12:06 Found closure variable jellyfish_count 
bpipe.PipelineCategory	INFO	|11:12:06 Found closure variable jellyfish_merge 
bpipe.Pipeline	INFO	|11:12:06 Evaluating library file /n/home05/kirchner/hsph_scratch/projects/js_trinity/src/newbpipe/bwa.groovy 
bpipe.Pipeline	SEVERE	|11:12:06 Failed to evaluate script /n/home05/kirchner/hsph_scratch/projects/js_trinity/src/newbpipe/bwa.groovy: org.codehaus.groovy.control.MultipleCompilationErrorsException: startup failed:
Script1.groovy: 16: expecting anything but ''\n''; got it anyway @ line 16, column 46.
   ex -p $vectordir -a is $vector
                                 ^

1 error
 
bpipe.Pipeline	INFO	|11:12:06 Evaluating library file /n/home05/kirchner/hsph_scratch/projects/js_trinity/src/newbpipe/cutadapt.groovy 
bpipe.PipelineCategory	INFO	|11:12:06 Found closure variable trim_polya 
bpipe.PipelineCategory	INFO	|11:12:06 Found closure variable cutadapt 
bpipe.PipelineCategory	INFO	|11:12:06 Found closure variable trim_illum 
bpipe.Pipeline	INFO	|11:12:06 Evaluating library file /n/home05/kirchner/hsph_scratch/projects/js_trinity/src/newbpipe/fastqc.groovy 
bpipe.PipelineCategory	INFO	|11:12:06 Found closure variable trim_polya 
bpipe.PipelineCategory	INFO	|11:12:06 Found closure variable cutadapt 
bpipe.PipelineCategory	INFO	|11:12:06 Found closure variable trim_illum 
bpipe.PipelineCategory	INFO	|11:12:06 Found closure variable fastqc 
bpipe.Pipeline	INFO	|11:12:06 Evaluating library file /n/home05/kirchner/hsph_scratch/projects/js_trinity/src/newbpipe/jellyfish.groovy 
bpipe.Pipeline	INFO	|11:12:06 Running with input null 
bpipe.PipelineCategory	INFO	|11:12:06 Found closure variable trim_polya 
bpipe.PipelineCategory	INFO	|11:12:06 Found closure variable cutadapt 
bpipe.PipelineCategory	INFO	|11:12:06 Found closure variable trim_illum 
bpipe.PipelineCategory	INFO	|11:12:06 Found closure variable fastqc 
bpipe.PipelineCategory	INFO	|11:12:06 Found closure variable jellyfish_count 
bpipe.PipelineCategory	INFO	|11:12:06 Found closure variable jellyfish_merge 
bpipe.Pipeline	INFO	|11:12:06 Evaluating library file /n/home05/kirchner/hsph_scratch/projects/js_trinity/src/newbpipe/bwa.groovy 
bpipe.Pipeline	SEVERE	|11:12:06 Failed to evaluate script /n/home05/kirchner/hsph_scratch/projects/js_trinity/src/newbpipe/bwa.groovy: org.codehaus.groovy.control.MultipleCompilationErrorsException: startup failed:
Script1.groovy: 16: expecting anything but ''\n''; got it anyway @ line 16, column 46.
   ex -p $vectordir -a is $vector
                                 ^

1 error
 
bpipe.Pipeline	INFO	|11:12:06 Evaluating library file /n/home05/kirchner/hsph_scratch/projects/js_trinity/src/newbpipe/cutadapt.groovy 
bpipe.PipelineCategory	INFO	|11:12:06 Found closure variable trim_polya 
bpipe.PipelineCategory	INFO	|11:12:06 Found closure variable cutadapt 
bpipe.PipelineCategory	INFO	|11:12:06 Found closure variable trim_illum 
bpipe.Pipeline	INFO	|11:12:06 Evaluating library file /n/home05/kirchner/hsph_scratch/projects/js_trinity/src/newbpipe/fastqc.groovy 
bpipe.PipelineCategory	INFO	|11:12:06 Found closure variable trim_polya 
bpipe.PipelineCategory	INFO	|11:12:06 Found closure variable cutadapt 
bpipe.PipelineCategory	INFO	|11:12:06 Found closure variable trim_illum 
bpipe.PipelineCategory	INFO	|11:12:06 Found closure variable fastqc 
bpipe.Pipeline	INFO	|11:12:06 Evaluating library file /n/home05/kirchner/hsph_scratch/projects/js_trinity/src/newbpipe/jellyfish.groovy 
bpipe.Pipeline	INFO	|11:12:07 Running with input null 
bpipe.PipelineCategory	INFO	|11:12:07 Found closure variable trim_polya 
bpipe.PipelineCategory	INFO	|11:12:07 Found closure variable cutadapt 
bpipe.PipelineCategory	INFO	|11:12:07 Found closure variable trim_illum 
bpipe.PipelineCategory	INFO	|11:12:07 Found closure variable fastqc 
bpipe.PipelineCategory	INFO	|11:12:07 Found closure variable jellyfish_count 
bpipe.PipelineCategory	INFO	|11:12:07 Found closure variable jellyfish_merge 
bpipe.Pipeline	INFO	|11:12:07 Evaluating library file /n/home05/kirchner/hsph_scratch/projects/js_trinity/src/newbpipe/bwa.groovy 
bpipe.Pipeline	SEVERE	|11:12:07 Failed to evaluate script /n/home05/kirchner/hsph_scratch/projects/js_trinity/src/newbpipe/bwa.groovy: org.codehaus.groovy.control.MultipleCompilationErrorsException: startup failed:
Script1.groovy: 16: expecting anything but ''\n''; got it anyway @ line 16, column 46.
   ex -p $vectordir -a is $vector
                                 ^

1 error
 
bpipe.Pipeline	INFO	|11:12:07 Evaluating library file /n/home05/kirchner/hsph_scratch/projects/js_trinity/src/newbpipe/cutadapt.groovy 
bpipe.PipelineCategory	INFO	|11:12:07 Found closure variable trim_polya 
bpipe.PipelineCategory	INFO	|11:12:07 Found closure variable cutadapt 
bpipe.PipelineCategory	INFO	|11:12:07 Found closure variable trim_illum 
bpipe.Pipeline	INFO	|11:12:07 Evaluating library file /n/home05/kirchner/hsph_scratch/projects/js_trinity/src/newbpipe/fastqc.groovy 
bpipe.PipelineCategory	INFO	|11:12:07 Found closure variable trim_polya 
bpipe.PipelineCategory	INFO	|11:12:07 Found closure variable cutadapt 
bpipe.PipelineCategory	INFO	|11:12:07 Found closure variable trim_illum 
bpipe.PipelineCategory	INFO	|11:12:07 Found closure variable fastqc 
bpipe.Pipeline	INFO	|11:12:07 Evaluating library file /n/home05/kirchner/hsph_scratch/projects/js_trinity/src/newbpipe/jellyfish.groovy 
bpipe.Pipeline	INFO	|11:12:07 Running with input null 
bpipe.PipelineCategory	INFO	|11:12:07 Found closure variable trim_polya 
bpipe.PipelineCategory	INFO	|11:12:07 Found closure variable cutadapt 
bpipe.PipelineCategory	INFO	|11:12:07 Found closure variable trim_illum 
bpipe.PipelineCategory	INFO	|11:12:07 Found closure variable fastqc 
bpipe.PipelineCategory	INFO	|11:12:07 Found closure variable jellyfish_count 
bpipe.PipelineCategory	INFO	|11:12:07 Found closure variable jellyfish_merge 
bpipe.Pipeline	INFO	|11:12:07 Evaluating library file /n/home05/kirchner/hsph_scratch/projects/js_trinity/src/newbpipe/bwa.groovy 
bpipe.Pipeline	SEVERE	|11:12:07 Failed to evaluate script /n/home05/kirchner/hsph_scratch/projects/js_trinity/src/newbpipe/bwa.groovy: org.codehaus.groovy.control.MultipleCompilationErrorsException: startup failed:
Script1.groovy: 16: expecting anything but ''\n''; got it anyway @ line 16, column 46.
   ex -p $vectordir -a is $vector
                                 ^

1 error
 
bpipe.Pipeline	INFO	|11:12:07 Evaluating library file /n/home05/kirchner/hsph_scratch/projects/js_trinity/src/newbpipe/cutadapt.groovy 
bpipe.PipelineCategory	INFO	|11:12:07 Found closure variable trim_polya 
bpipe.PipelineCategory	INFO	|11:12:07 Found closure variable cutadapt 
bpipe.PipelineCategory	INFO	|11:12:07 Found closure variable trim_illum 
bpipe.Pipeline	INFO	|11:12:07 Evaluating library file /n/home05/kirchner/hsph_scratch/projects/js_trinity/src/newbpipe/fastqc.groovy 
bpipe.PipelineCategory	INFO	|11:12:07 Found closure variable trim_polya 
bpipe.PipelineCategory	INFO	|11:12:07 Found closure variable cutadapt 
bpipe.PipelineCategory	INFO	|11:12:07 Found closure variable trim_illum 
bpipe.PipelineCategory	INFO	|11:12:07 Found closure variable fastqc 
bpipe.Pipeline	INFO	|11:12:07 Evaluating library file /n/home05/kirchner/hsph_scratch/projects/js_trinity/src/newbpipe/jellyfish.groovy 
bpipe.Pipeline	INFO	|11:12:07 Running with input null 
bpipe.PipelineCategory	INFO	|11:12:07 Found closure variable trim_polya 
bpipe.PipelineCategory	INFO	|11:12:07 Found closure variable cutadapt 
bpipe.PipelineCategory	INFO	|11:12:07 Found closure variable trim_illum 
bpipe.PipelineCategory	INFO	|11:12:07 Found closure variable fastqc 
bpipe.PipelineCategory	INFO	|11:12:07 Found closure variable jellyfish_count 
bpipe.PipelineCategory	INFO	|11:12:07 Found closure variable jellyfish_merge 
bpipe.Pipeline	INFO	|11:12:07 Evaluating library file /n/home05/kirchner/hsph_scratch/projects/js_trinity/src/newbpipe/bwa.groovy 
bpipe.Pipeline	SEVERE	|11:12:07 Failed to evaluate script /n/home05/kirchner/hsph_scratch/projects/js_trinity/src/newbpipe/bwa.groovy: org.codehaus.groovy.control.MultipleCompilationErrorsException: startup failed:
Script1.groovy: 16: expecting anything but ''\n''; got it anyway @ line 16, column 46.
   ex -p $vectordir -a is $vector
                                 ^

1 error
 
bpipe.Pipeline	INFO	|11:12:07 Evaluating library file /n/home05/kirchner/hsph_scratch/projects/js_trinity/src/newbpipe/cutadapt.groovy 
bpipe.PipelineCategory	INFO	|11:12:07 Found closure variable trim_polya 
bpipe.PipelineCategory	INFO	|11:12:07 Found closure variable cutadapt 
bpipe.PipelineCategory	INFO	|11:12:07 Found closure variable trim_illum 
bpipe.Pipeline	INFO	|11:12:07 Evaluating library file /n/home05/kirchner/hsph_scratch/projects/js_trinity/src/newbpipe/fastqc.groovy 
bpipe.PipelineCategory	INFO	|11:12:07 Found closure variable trim_polya 
bpipe.PipelineCategory	INFO	|11:12:07 Found closure variable cutadapt 
bpipe.PipelineCategory	INFO	|11:12:07 Found closure variable trim_illum 
bpipe.PipelineCategory	INFO	|11:12:07 Found closure variable fastqc 
bpipe.Pipeline	INFO	|11:12:07 Evaluating library file /n/home05/kirchner/hsph_scratch/projects/js_trinity/src/newbpipe/jellyfish.groovy 
bpipe.Pipeline	INFO	|11:12:07 Running with input null 
bpipe.PipelineCategory	INFO	|11:12:07 Found closure variable trim_polya 
bpipe.PipelineCategory	INFO	|11:12:07 Found closure variable cutadapt 
bpipe.PipelineCategory	INFO	|11:12:07 Found closure variable trim_illum 
bpipe.PipelineCategory	INFO	|11:12:07 Found closure variable fastqc 
bpipe.PipelineCategory	INFO	|11:12:07 Found closure variable jellyfish_count 
bpipe.PipelineCategory	INFO	|11:12:07 Found closure variable jellyfish_merge 
bpipe.Pipeline	INFO	|11:12:07 Evaluating library file /n/home05/kirchner/hsph_scratch/projects/js_trinity/src/newbpipe/bwa.groovy 
bpipe.Pipeline	SEVERE	|11:12:07 Failed to evaluate script /n/home05/kirchner/hsph_scratch/projects/js_trinity/src/newbpipe/bwa.groovy: org.codehaus.groovy.control.MultipleCompilationErrorsException: startup failed:
Script1.groovy: 16: expecting anything but ''\n''; got it anyway @ line 16, column 46.
   ex -p $vectordir -a is $vector
                                 ^

1 error
 
bpipe.Pipeline	INFO	|11:12:07 Evaluating library file /n/home05/kirchner/hsph_scratch/projects/js_trinity/src/newbpipe/cutadapt.groovy 
bpipe.PipelineCategory	INFO	|11:12:07 Found closure variable trim_polya 
bpipe.PipelineCategory	INFO	|11:12:07 Found closure variable cutadapt 
bpipe.PipelineCategory	INFO	|11:12:07 Found closure variable trim_illum 
bpipe.Pipeline	INFO	|11:12:07 Evaluating library file /n/home05/kirchner/hsph_scratch/projects/js_trinity/src/newbpipe/fastqc.groovy 
bpipe.PipelineCategory	INFO	|11:12:07 Found closure variable trim_polya 
bpipe.PipelineCategory	INFO	|11:12:07 Found closure variable cutadapt 
bpipe.PipelineCategory	INFO	|11:12:07 Found closure variable trim_illum 
bpipe.PipelineCategory	INFO	|11:12:07 Found closure variable fastqc 
bpipe.Pipeline	INFO	|11:12:07 Evaluating library file /n/home05/kirchner/hsph_scratch/projects/js_trinity/src/newbpipe/jellyfish.groovy 
bpipe.Pipeline	INFO	|11:12:07 Running with input null 
bpipe.PipelineCategory	INFO	|11:12:07 Found closure variable trim_polya 
bpipe.PipelineCategory	INFO	|11:12:07 Found closure variable cutadapt 
bpipe.PipelineCategory	INFO	|11:12:07 Found closure variable trim_illum 
bpipe.PipelineCategory	INFO	|11:12:07 Found closure variable fastqc 
bpipe.PipelineCategory	INFO	|11:12:07 Found closure variable jellyfish_count 
bpipe.PipelineCategory	INFO	|11:12:07 Found closure variable jellyfish_merge 
bpipe.Pipeline	INFO	|11:12:07 Evaluating library file /n/home05/kirchner/hsph_scratch/projects/js_trinity/src/newbpipe/bwa.groovy 
bpipe.Pipeline	SEVERE	|11:12:07 Failed to evaluate script /n/home05/kirchner/hsph_scratch/projects/js_trinity/src/newbpipe/bwa.groovy: org.codehaus.groovy.control.MultipleCompilationErrorsException: startup failed:
Script1.groovy: 16: expecting anything but ''\n''; got it anyway @ line 16, column 46.
   ex -p $vectordir -a is $vector
                                 ^

1 error
 
bpipe.Pipeline	INFO	|11:12:07 Evaluating library file /n/home05/kirchner/hsph_scratch/projects/js_trinity/src/newbpipe/cutadapt.groovy 
bpipe.PipelineCategory	INFO	|11:12:07 Found closure variable trim_polya 
bpipe.PipelineCategory	INFO	|11:12:07 Found closure variable cutadapt 
bpipe.PipelineCategory	INFO	|11:12:07 Found closure variable trim_illum 
bpipe.Pipeline	INFO	|11:12:07 Evaluating library file /n/home05/kirchner/hsph_scratch/projects/js_trinity/src/newbpipe/fastqc.groovy 
bpipe.PipelineCategory	INFO	|11:12:07 Found closure variable trim_polya 
bpipe.PipelineCategory	INFO	|11:12:07 Found closure variable cutadapt 
bpipe.PipelineCategory	INFO	|11:12:07 Found closure variable trim_illum 
bpipe.PipelineCategory	INFO	|11:12:07 Found closure variable fastqc 
bpipe.Pipeline	INFO	|11:12:07 Evaluating library file /n/home05/kirchner/hsph_scratch/projects/js_trinity/src/newbpipe/jellyfish.groovy 
bpipe.Pipeline	INFO	|11:12:07 Running with input null 
bpipe.PipelineCategory	INFO	|11:12:07 Found closure variable trim_polya 
bpipe.PipelineCategory	INFO	|11:12:07 Found closure variable cutadapt 
bpipe.PipelineCategory	INFO	|11:12:07 Found closure variable trim_illum 
bpipe.PipelineCategory	INFO	|11:12:07 Found closure variable fastqc 
bpipe.PipelineCategory	INFO	|11:12:07 Found closure variable jellyfish_count 
bpipe.PipelineCategory	INFO	|11:12:07 Found closure variable jellyfish_merge 
bpipe.Pipeline	INFO	|11:12:07 Evaluating library file /n/home05/kirchner/hsph_scratch/projects/js_trinity/src/newbpipe/bwa.groovy 
bpipe.Pipeline	SEVERE	|11:12:07 Failed to evaluate script /n/home05/kirchner/hsph_scratch/projects/js_trinity/src/newbpipe/bwa.groovy: org.codehaus.groovy.control.MultipleCompilationErrorsException: startup failed:
Script1.groovy: 16: expecting anything but ''\n''; got it anyway @ line 16, column 46.
   ex -p $vectordir -a is $vector
                                 ^

1 error
 
bpipe.Pipeline	INFO	|11:12:07 Evaluating library file /n/home05/kirchner/hsph_scratch/projects/js_trinity/src/newbpipe/cutadapt.groovy 
bpipe.PipelineCategory	INFO	|11:12:07 Found closure variable trim_polya 
bpipe.PipelineCategory	INFO	|11:12:07 Found closure variable cutadapt 
bpipe.PipelineCategory	INFO	|11:12:07 Found closure variable trim_illum 
bpipe.Pipeline	INFO	|11:12:07 Evaluating library file /n/home05/kirchner/hsph_scratch/projects/js_trinity/src/newbpipe/fastqc.groovy 
bpipe.PipelineCategory	INFO	|11:12:07 Found closure variable trim_polya 
bpipe.PipelineCategory	INFO	|11:12:07 Found closure variable cutadapt 
bpipe.PipelineCategory	INFO	|11:12:07 Found closure variable trim_illum 
bpipe.PipelineCategory	INFO	|11:12:07 Found closure variable fastqc 
bpipe.Pipeline	INFO	|11:12:07 Evaluating library file /n/home05/kirchner/hsph_scratch/projects/js_trinity/src/newbpipe/jellyfish.groovy 
bpipe.Pipeline	INFO	|11:12:07 Running with input null 
bpipe.PipelineCategory	INFO	|11:12:07 Found closure variable trim_polya 
bpipe.PipelineCategory	INFO	|11:12:07 Found closure variable cutadapt 
bpipe.PipelineCategory	INFO	|11:12:07 Found closure variable trim_illum 
bpipe.PipelineCategory	INFO	|11:12:07 Found closure variable fastqc 
bpipe.PipelineCategory	INFO	|11:12:07 Found closure variable jellyfish_count 
bpipe.PipelineCategory	INFO	|11:12:07 Found closure variable jellyfish_merge 
bpipe.Pipeline	INFO	|11:12:07 Evaluating library file /n/home05/kirchner/hsph_scratch/projects/js_trinity/src/newbpipe/bwa.groovy 
bpipe.Pipeline	SEVERE	|11:12:07 Failed to evaluate script /n/home05/kirchner/hsph_scratch/projects/js_trinity/src/newbpipe/bwa.groovy: org.codehaus.groovy.control.MultipleCompilationErrorsException: startup failed:
Script1.groovy: 16: expecting anything but ''\n''; got it anyway @ line 16, column 46.
   ex -p $vectordir -a is $vector
                                 ^

1 error
 
bpipe.Pipeline	INFO	|11:12:07 Evaluating library file /n/home05/kirchner/hsph_scratch/projects/js_trinity/src/newbpipe/cutadapt.groovy 
bpipe.PipelineCategory	INFO	|11:12:07 Found closure variable trim_polya 
bpipe.PipelineCategory	INFO	|11:12:07 Found closure variable cutadapt 
bpipe.PipelineCategory	INFO	|11:12:07 Found closure variable trim_illum 
bpipe.Pipeline	INFO	|11:12:07 Evaluating library file /n/home05/kirchner/hsph_scratch/projects/js_trinity/src/newbpipe/fastqc.groovy 
bpipe.PipelineCategory	INFO	|11:12:07 Found closure variable trim_polya 
bpipe.PipelineCategory	INFO	|11:12:07 Found closure variable cutadapt 
bpipe.PipelineCategory	INFO	|11:12:07 Found closure variable trim_illum 
bpipe.PipelineCategory	INFO	|11:12:07 Found closure variable fastqc 
bpipe.Pipeline	INFO	|11:12:07 Evaluating library file /n/home05/kirchner/hsph_scratch/projects/js_trinity/src/newbpipe/jellyfish.groovy 
bpipe.Pipeline	INFO	|11:12:07 Running with input null 
bpipe.PipelineCategory	INFO	|11:12:07 Found closure variable trim_polya 
bpipe.PipelineCategory	INFO	|11:12:07 Found closure variable cutadapt 
bpipe.PipelineCategory	INFO	|11:12:07 Found closure variable trim_illum 
bpipe.PipelineCategory	INFO	|11:12:07 Found closure variable fastqc 
bpipe.PipelineCategory	INFO	|11:12:07 Found closure variable jellyfish_count 
bpipe.PipelineCategory	INFO	|11:12:07 Found closure variable jellyfish_merge 
bpipe.Pipeline	INFO	|11:12:07 Evaluating library file /n/home05/kirchner/hsph_scratch/projects/js_trinity/src/newbpipe/bwa.groovy 
bpipe.Pipeline	SEVERE	|11:12:07 Failed to evaluate script /n/home05/kirchner/hsph_scratch/projects/js_trinity/src/newbpipe/bwa.groovy: org.codehaus.groovy.control.MultipleCompilationErrorsException: startup failed:
Script1.groovy: 16: expecting anything but ''\n''; got it anyway @ line 16, column 46.
   ex -p $vectordir -a is $vector
                                 ^

1 error
 
bpipe.Pipeline	INFO	|11:12:07 Evaluating library file /n/home05/kirchner/hsph_scratch/projects/js_trinity/src/newbpipe/cutadapt.groovy 
bpipe.PipelineCategory	INFO	|11:12:07 Found closure variable trim_polya 
bpipe.PipelineCategory	INFO	|11:12:07 Found closure variable cutadapt 
bpipe.PipelineCategory	INFO	|11:12:07 Found closure variable trim_illum 
bpipe.Pipeline	INFO	|11:12:07 Evaluating library file /n/home05/kirchner/hsph_scratch/projects/js_trinity/src/newbpipe/fastqc.groovy 
bpipe.PipelineCategory	INFO	|11:12:08 Found closure variable trim_polya 
bpipe.PipelineCategory	INFO	|11:12:08 Found closure variable cutadapt 
bpipe.PipelineCategory	INFO	|11:12:08 Found closure variable trim_illum 
bpipe.PipelineCategory	INFO	|11:12:08 Found closure variable fastqc 
bpipe.Pipeline	INFO	|11:12:08 Evaluating library file /n/home05/kirchner/hsph_scratch/projects/js_trinity/src/newbpipe/jellyfish.groovy 
bpipe.Pipeline	INFO	|11:12:08 Running with input null 
bpipe.PipelineCategory	INFO	|11:12:08 Found closure variable trim_polya 
bpipe.PipelineCategory	INFO	|11:12:08 Found closure variable cutadapt 
bpipe.PipelineCategory	INFO	|11:12:08 Found closure variable trim_illum 
bpipe.PipelineCategory	INFO	|11:12:08 Found closure variable fastqc 
bpipe.PipelineCategory	INFO	|11:12:08 Found closure variable jellyfish_count 
bpipe.PipelineCategory	INFO	|11:12:08 Found closure variable jellyfish_merge 
bpipe.Pipeline	INFO	|11:12:08 Evaluating library file /n/home05/kirchner/hsph_scratch/projects/js_trinity/src/newbpipe/bwa.groovy 
bpipe.Pipeline	SEVERE	|11:12:08 Failed to evaluate script /n/home05/kirchner/hsph_scratch/projects/js_trinity/src/newbpipe/bwa.groovy: org.codehaus.groovy.control.MultipleCompilationErrorsException: startup failed:
Script1.groovy: 16: expecting anything but ''\n''; got it anyway @ line 16, column 46.
   ex -p $vectordir -a is $vector
                                 ^

1 error
 
bpipe.Pipeline	INFO	|11:12:08 Evaluating library file /n/home05/kirchner/hsph_scratch/projects/js_trinity/src/newbpipe/cutadapt.groovy 
bpipe.PipelineCategory	INFO	|11:12:08 Found closure variable trim_polya 
bpipe.PipelineCategory	INFO	|11:12:08 Found closure variable cutadapt 
bpipe.PipelineCategory	INFO	|11:12:08 Found closure variable trim_illum 
bpipe.Pipeline	INFO	|11:12:08 Evaluating library file /n/home05/kirchner/hsph_scratch/projects/js_trinity/src/newbpipe/fastqc.groovy 
bpipe.PipelineCategory	INFO	|11:12:08 Found closure variable trim_polya 
bpipe.PipelineCategory	INFO	|11:12:08 Found closure variable cutadapt 
bpipe.PipelineCategory	INFO	|11:12:08 Found closure variable trim_illum 
bpipe.PipelineCategory	INFO	|11:12:08 Found closure variable fastqc 
bpipe.Pipeline	INFO	|11:12:08 Evaluating library file /n/home05/kirchner/hsph_scratch/projects/js_trinity/src/newbpipe/jellyfish.groovy 
bpipe.Pipeline	INFO	|11:12:08 Running with input null 
bpipe.PipelineCategory	INFO	|11:12:08 Found closure variable trim_polya 
bpipe.PipelineCategory	INFO	|11:12:08 Found closure variable cutadapt 
bpipe.PipelineCategory	INFO	|11:12:08 Found closure variable trim_illum 
bpipe.PipelineCategory	INFO	|11:12:08 Found closure variable fastqc 
bpipe.PipelineCategory	INFO	|11:12:08 Found closure variable jellyfish_count 
bpipe.PipelineCategory	INFO	|11:12:08 Found closure variable jellyfish_merge 
bpipe.Pipeline	INFO	|11:12:08 Evaluating library file /n/home05/kirchner/hsph_scratch/projects/js_trinity/src/newbpipe/bwa.groovy 
bpipe.Pipeline	SEVERE	|11:12:08 Failed to evaluate script /n/home05/kirchner/hsph_scratch/projects/js_trinity/src/newbpipe/bwa.groovy: org.codehaus.groovy.control.MultipleCompilationErrorsException: startup failed:
Script1.groovy: 16: expecting anything but ''\n''; got it anyway @ line 16, column 46.
   ex -p $vectordir -a is $vector
                                 ^

1 error
 
bpipe.Pipeline	INFO	|11:12:08 Evaluating library file /n/home05/kirchner/hsph_scratch/projects/js_trinity/src/newbpipe/cutadapt.groovy 
bpipe.PipelineCategory	INFO	|11:12:08 Found closure variable trim_polya 
bpipe.PipelineCategory	INFO	|11:12:08 Found closure variable cutadapt 
bpipe.PipelineCategory	INFO	|11:12:08 Found closure variable trim_illum 
bpipe.Pipeline	INFO	|11:12:08 Evaluating library file /n/home05/kirchner/hsph_scratch/projects/js_trinity/src/newbpipe/fastqc.groovy 
bpipe.PipelineCategory	INFO	|11:12:08 Found closure variable trim_polya 
bpipe.PipelineCategory	INFO	|11:12:08 Found closure variable cutadapt 
bpipe.PipelineCategory	INFO	|11:12:08 Found closure variable trim_illum 
bpipe.PipelineCategory	INFO	|11:12:08 Found closure variable fastqc 
bpipe.Pipeline	INFO	|11:12:08 Evaluating library file /n/home05/kirchner/hsph_scratch/projects/js_trinity/src/newbpipe/jellyfish.groovy 
bpipe.Pipeline	INFO	|11:12:08 Running with input null 
bpipe.PipelineCategory	INFO	|11:12:08 Found closure variable trim_polya 
bpipe.PipelineCategory	INFO	|11:12:08 Found closure variable cutadapt 
bpipe.PipelineCategory	INFO	|11:12:08 Found closure variable trim_illum 
bpipe.PipelineCategory	INFO	|11:12:08 Found closure variable fastqc 
bpipe.PipelineCategory	INFO	|11:12:08 Found closure variable jellyfish_count 
bpipe.PipelineCategory	INFO	|11:12:08 Found closure variable jellyfish_merge 
bpipe.Pipeline	INFO	|11:12:08 Evaluating library file /n/home05/kirchner/hsph_scratch/projects/js_trinity/src/newbpipe/bwa.groovy 
bpipe.Pipeline	SEVERE	|11:12:08 Failed to evaluate script /n/home05/kirchner/hsph_scratch/projects/js_trinity/src/newbpipe/bwa.groovy: org.codehaus.groovy.control.MultipleCompilationErrorsException: startup failed:
Script1.groovy: 16: expecting anything but ''\n''; got it anyway @ line 16, column 46.
   ex -p $vectordir -a is $vector
                                 ^

1 error
 
bpipe.Pipeline	INFO	|11:12:08 Evaluating library file /n/home05/kirchner/hsph_scratch/projects/js_trinity/src/newbpipe/cutadapt.groovy 
bpipe.PipelineCategory	INFO	|11:12:08 Found closure variable trim_polya 
bpipe.PipelineCategory	INFO	|11:12:08 Found closure variable cutadapt 
bpipe.PipelineCategory	INFO	|11:12:08 Found closure variable trim_illum 
bpipe.Pipeline	INFO	|11:12:08 Evaluating library file /n/home05/kirchner/hsph_scratch/projects/js_trinity/src/newbpipe/fastqc.groovy 
bpipe.PipelineCategory	INFO	|11:12:08 Found closure variable trim_polya 
bpipe.PipelineCategory	INFO	|11:12:08 Found closure variable cutadapt 
bpipe.PipelineCategory	INFO	|11:12:08 Found closure variable trim_illum 
bpipe.PipelineCategory	INFO	|11:12:08 Found closure variable fastqc 
bpipe.Pipeline	INFO	|11:12:08 Evaluating library file /n/home05/kirchner/hsph_scratch/projects/js_trinity/src/newbpipe/jellyfish.groovy 
bpipe.Pipeline	INFO	|11:12:08 Running with input null 
bpipe.PipelineCategory	INFO	|11:12:08 Found closure variable trim_polya 
bpipe.PipelineCategory	INFO	|11:12:08 Found closure variable cutadapt 
bpipe.PipelineCategory	INFO	|11:12:08 Found closure variable trim_illum 
bpipe.PipelineCategory	INFO	|11:12:08 Found closure variable fastqc 
bpipe.PipelineCategory	INFO	|11:12:08 Found closure variable jellyfish_count 
bpipe.PipelineCategory	INFO	|11:12:08 Found closure variable jellyfish_merge 
bpipe.Pipeline	INFO	|11:12:08 Evaluating library file /n/home05/kirchner/hsph_scratch/projects/js_trinity/src/newbpipe/bwa.groovy 
bpipe.Pipeline	SEVERE	|11:12:08 Failed to evaluate script /n/home05/kirchner/hsph_scratch/projects/js_trinity/src/newbpipe/bwa.groovy: org.codehaus.groovy.control.MultipleCompilationErrorsException: startup failed:
Script1.groovy: 16: expecting anything but ''\n''; got it anyway @ line 16, column 46.
   ex -p $vectordir -a is $vector
                                 ^

1 error
 
bpipe.Pipeline	INFO	|11:12:08 Evaluating library file /n/home05/kirchner/hsph_scratch/projects/js_trinity/src/newbpipe/cutadapt.groovy 
bpipe.PipelineCategory	INFO	|11:12:08 Found closure variable trim_polya 
bpipe.PipelineCategory	INFO	|11:12:08 Found closure variable cutadapt 
bpipe.PipelineCategory	INFO	|11:12:08 Found closure variable trim_illum 
bpipe.Pipeline	INFO	|11:12:08 Evaluating library file /n/home05/kirchner/hsph_scratch/projects/js_trinity/src/newbpipe/fastqc.groovy 
bpipe.PipelineCategory	INFO	|11:12:08 Found closure variable trim_polya 
bpipe.PipelineCategory	INFO	|11:12:08 Found closure variable cutadapt 
bpipe.PipelineCategory	INFO	|11:12:08 Found closure variable trim_illum 
bpipe.PipelineCategory	INFO	|11:12:08 Found closure variable fastqc 
bpipe.Pipeline	INFO	|11:12:08 Evaluating library file /n/home05/kirchner/hsph_scratch/projects/js_trinity/src/newbpipe/jellyfish.groovy 
bpipe.Pipeline	INFO	|11:12:08 Running with input null 
bpipe.PipelineCategory	INFO	|11:12:08 Found closure variable trim_polya 
bpipe.PipelineCategory	INFO	|11:12:08 Found closure variable cutadapt 
bpipe.PipelineCategory	INFO	|11:12:08 Found closure variable trim_illum 
bpipe.PipelineCategory	INFO	|11:12:08 Found closure variable fastqc 
bpipe.PipelineCategory	INFO	|11:12:08 Found closure variable jellyfish_count 
bpipe.PipelineCategory	INFO	|11:12:08 Found closure variable jellyfish_merge 
bpipe.Pipeline	INFO	|11:12:08 Evaluating library file /n/home05/kirchner/hsph_scratch/projects/js_trinity/src/newbpipe/bwa.groovy 
bpipe.Pipeline	SEVERE	|11:12:08 Failed to evaluate script /n/home05/kirchner/hsph_scratch/projects/js_trinity/src/newbpipe/bwa.groovy: org.codehaus.groovy.control.MultipleCompilationErrorsException: startup failed:
Script1.groovy: 16: expecting anything but ''\n''; got it anyway @ line 16, column 46.
   ex -p $vectordir -a is $vector
                                 ^

1 error
 
bpipe.Pipeline	INFO	|11:12:08 Evaluating library file /n/home05/kirchner/hsph_scratch/projects/js_trinity/src/newbpipe/cutadapt.groovy 
bpipe.PipelineCategory	INFO	|11:12:08 Found closure variable trim_polya 
bpipe.PipelineCategory	INFO	|11:12:08 Found closure variable cutadapt 
bpipe.PipelineCategory	INFO	|11:12:08 Found closure variable trim_illum 
bpipe.Pipeline	INFO	|11:12:08 Evaluating library file /n/home05/kirchner/hsph_scratch/projects/js_trinity/src/newbpipe/fastqc.groovy 
bpipe.PipelineCategory	INFO	|11:12:08 Found closure variable trim_polya 
bpipe.PipelineCategory	INFO	|11:12:08 Found closure variable cutadapt 
bpipe.PipelineCategory	INFO	|11:12:08 Found closure variable trim_illum 
bpipe.PipelineCategory	INFO	|11:12:08 Found closure variable fastqc 
bpipe.Pipeline	INFO	|11:12:08 Evaluating library file /n/home05/kirchner/hsph_scratch/projects/js_trinity/src/newbpipe/jellyfish.groovy 
bpipe.Pipeline	INFO	|11:12:08 Running with input null 
bpipe.PipelineCategory	INFO	|11:12:08 Found closure variable trim_polya 
bpipe.PipelineCategory	INFO	|11:12:08 Found closure variable cutadapt 
bpipe.PipelineCategory	INFO	|11:12:08 Found closure variable trim_illum 
bpipe.PipelineCategory	INFO	|11:12:08 Found closure variable fastqc 
bpipe.PipelineCategory	INFO	|11:12:08 Found closure variable jellyfish_count 
bpipe.PipelineCategory	INFO	|11:12:08 Found closure variable jellyfish_merge 
bpipe.Pipeline	INFO	|11:12:08 Evaluating library file /n/home05/kirchner/hsph_scratch/projects/js_trinity/src/newbpipe/bwa.groovy 
bpipe.Pipeline	SEVERE	|11:12:08 Failed to evaluate script /n/home05/kirchner/hsph_scratch/projects/js_trinity/src/newbpipe/bwa.groovy: org.codehaus.groovy.control.MultipleCompilationErrorsException: startup failed:
Script1.groovy: 16: expecting anything but ''\n''; got it anyway @ line 16, column 46.
   ex -p $vectordir -a is $vector
                                 ^

1 error
 
bpipe.Pipeline	INFO	|11:12:08 Evaluating library file /n/home05/kirchner/hsph_scratch/projects/js_trinity/src/newbpipe/cutadapt.groovy 
bpipe.PipelineCategory	INFO	|11:12:08 Found closure variable trim_polya 
bpipe.PipelineCategory	INFO	|11:12:08 Found closure variable cutadapt 
bpipe.PipelineCategory	INFO	|11:12:08 Found closure variable trim_illum 
bpipe.Pipeline	INFO	|11:12:08 Evaluating library file /n/home05/kirchner/hsph_scratch/projects/js_trinity/src/newbpipe/fastqc.groovy 
bpipe.PipelineCategory	INFO	|11:12:08 Found closure variable trim_polya 
bpipe.PipelineCategory	INFO	|11:12:08 Found closure variable cutadapt 
bpipe.PipelineCategory	INFO	|11:12:08 Found closure variable trim_illum 
bpipe.PipelineCategory	INFO	|11:12:08 Found closure variable fastqc 
bpipe.Pipeline	INFO	|11:12:08 Evaluating library file /n/home05/kirchner/hsph_scratch/projects/js_trinity/src/newbpipe/jellyfish.groovy 
bpipe.Pipeline	INFO	|11:12:08 Running with input null 
bpipe.PipelineCategory	INFO	|11:12:08 Found closure variable trim_polya 
bpipe.PipelineCategory	INFO	|11:12:08 Found closure variable cutadapt 
bpipe.PipelineCategory	INFO	|11:12:08 Found closure variable trim_illum 
bpipe.PipelineCategory	INFO	|11:12:08 Found closure variable fastqc 
bpipe.PipelineCategory	INFO	|11:12:08 Found closure variable jellyfish_count 
bpipe.PipelineCategory	INFO	|11:12:08 Found closure variable jellyfish_merge 
bpipe.Pipeline	INFO	|11:12:08 Evaluating library file /n/home05/kirchner/hsph_scratch/projects/js_trinity/src/newbpipe/bwa.groovy 
bpipe.Pipeline	SEVERE	|11:12:08 Failed to evaluate script /n/home05/kirchner/hsph_scratch/projects/js_trinity/src/newbpipe/bwa.groovy: org.codehaus.groovy.control.MultipleCompilationErrorsException: startup failed:
Script1.groovy: 16: expecting anything but ''\n''; got it anyway @ line 16, column 46.
   ex -p $vectordir -a is $vector
                                 ^

1 error
 
bpipe.Pipeline	INFO	|11:12:08 Evaluating library file /n/home05/kirchner/hsph_scratch/projects/js_trinity/src/newbpipe/cutadapt.groovy 
bpipe.PipelineCategory	INFO	|11:12:08 Found closure variable trim_polya 
bpipe.PipelineCategory	INFO	|11:12:08 Found closure variable cutadapt 
bpipe.PipelineCategory	INFO	|11:12:08 Found closure variable trim_illum 
bpipe.Pipeline	INFO	|11:12:08 Evaluating library file /n/home05/kirchner/hsph_scratch/projects/js_trinity/src/newbpipe/fastqc.groovy 
bpipe.PipelineCategory	INFO	|11:12:09 Found closure variable trim_polya 
bpipe.PipelineCategory	INFO	|11:12:09 Found closure variable cutadapt 
bpipe.PipelineCategory	INFO	|11:12:09 Found closure variable trim_illum 
bpipe.PipelineCategory	INFO	|11:12:09 Found closure variable fastqc 
bpipe.Pipeline	INFO	|11:12:09 Evaluating library file /n/home05/kirchner/hsph_scratch/projects/js_trinity/src/newbpipe/jellyfish.groovy 
bpipe.Pipeline	INFO	|11:12:09 Running with input null 
bpipe.PipelineCategory	INFO	|11:12:09 Found closure variable trim_polya 
bpipe.PipelineCategory	INFO	|11:12:09 Found closure variable cutadapt 
bpipe.PipelineCategory	INFO	|11:12:09 Found closure variable trim_illum 
bpipe.PipelineCategory	INFO	|11:12:09 Found closure variable fastqc 
bpipe.PipelineCategory	INFO	|11:12:09 Found closure variable jellyfish_count 
bpipe.PipelineCategory	INFO	|11:12:09 Found closure variable jellyfish_merge 
bpipe.Pipeline	INFO	|11:12:09 Evaluating library file /n/home05/kirchner/hsph_scratch/projects/js_trinity/src/newbpipe/bwa.groovy 
bpipe.Pipeline	SEVERE	|11:12:09 Failed to evaluate script /n/home05/kirchner/hsph_scratch/projects/js_trinity/src/newbpipe/bwa.groovy: org.codehaus.groovy.control.MultipleCompilationErrorsException: startup failed:
Script1.groovy: 16: expecting anything but ''\n''; got it anyway @ line 16, column 46.
   ex -p $vectordir -a is $vector
                                 ^

1 error
 
bpipe.Pipeline	INFO	|11:12:09 Evaluating library file /n/home05/kirchner/hsph_scratch/projects/js_trinity/src/newbpipe/cutadapt.groovy 
bpipe.PipelineCategory	INFO	|11:12:09 Found closure variable trim_polya 
bpipe.PipelineCategory	INFO	|11:12:09 Found closure variable cutadapt 
bpipe.PipelineCategory	INFO	|11:12:09 Found closure variable trim_illum 
bpipe.Pipeline	INFO	|11:12:09 Evaluating library file /n/home05/kirchner/hsph_scratch/projects/js_trinity/src/newbpipe/fastqc.groovy 
bpipe.PipelineCategory	INFO	|11:12:09 Found closure variable trim_polya 
bpipe.PipelineCategory	INFO	|11:12:09 Found closure variable cutadapt 
bpipe.PipelineCategory	INFO	|11:12:09 Found closure variable trim_illum 
bpipe.PipelineCategory	INFO	|11:12:09 Found closure variable fastqc 
bpipe.Pipeline	INFO	|11:12:09 Evaluating library file /n/home05/kirchner/hsph_scratch/projects/js_trinity/src/newbpipe/jellyfish.groovy 
bpipe.Pipeline	INFO	|11:12:09 Running with input null 
bpipe.PipelineCategory	INFO	|11:12:09 Found closure variable trim_polya 
bpipe.PipelineCategory	INFO	|11:12:09 Found closure variable cutadapt 
bpipe.PipelineCategory	INFO	|11:12:09 Found closure variable trim_illum 
bpipe.PipelineCategory	INFO	|11:12:09 Found closure variable fastqc 
bpipe.PipelineCategory	INFO	|11:12:09 Found closure variable jellyfish_count 
bpipe.PipelineCategory	INFO	|11:12:09 Found closure variable jellyfish_merge 
bpipe.Pipeline	INFO	|11:12:09 Evaluating library file /n/home05/kirchner/hsph_scratch/projects/js_trinity/src/newbpipe/bwa.groovy 
bpipe.Pipeline	SEVERE	|11:12:09 Failed to evaluate script /n/home05/kirchner/hsph_scratch/projects/js_trinity/src/newbpipe/bwa.groovy: org.codehaus.groovy.control.MultipleCompilationErrorsException: startup failed:
Script1.groovy: 16: expecting anything but ''\n''; got it anyway @ line 16, column 46.
   ex -p $vectordir -a is $vector
                                 ^

1 error
 
bpipe.Pipeline	INFO	|11:12:09 Evaluating library file /n/home05/kirchner/hsph_scratch/projects/js_trinity/src/newbpipe/cutadapt.groovy 
bpipe.PipelineCategory	INFO	|11:12:09 Found closure variable trim_polya 
bpipe.PipelineCategory	INFO	|11:12:09 Found closure variable cutadapt 
bpipe.PipelineCategory	INFO	|11:12:09 Found closure variable trim_illum 
bpipe.Pipeline	INFO	|11:12:09 Evaluating library file /n/home05/kirchner/hsph_scratch/projects/js_trinity/src/newbpipe/fastqc.groovy 
bpipe.PipelineCategory	INFO	|11:12:09 Found closure variable trim_polya 
bpipe.PipelineCategory	INFO	|11:12:09 Found closure variable cutadapt 
bpipe.PipelineCategory	INFO	|11:12:09 Found closure variable trim_illum 
bpipe.PipelineCategory	INFO	|11:12:09 Found closure variable fastqc 
bpipe.Pipeline	INFO	|11:12:09 Evaluating library file /n/home05/kirchner/hsph_scratch/projects/js_trinity/src/newbpipe/jellyfish.groovy 
bpipe.Pipeline	INFO	|11:12:09 Running with input null 
bpipe.PipelineCategory	INFO	|11:12:09 Found closure variable trim_polya 
bpipe.PipelineCategory	INFO	|11:12:09 Found closure variable cutadapt 
bpipe.PipelineCategory	INFO	|11:12:09 Found closure variable trim_illum 
bpipe.PipelineCategory	INFO	|11:12:09 Found closure variable fastqc 
bpipe.PipelineCategory	INFO	|11:12:09 Found closure variable jellyfish_count 
bpipe.PipelineCategory	INFO	|11:12:09 Found closure variable jellyfish_merge 
bpipe.Pipeline	INFO	|11:12:09 Evaluating library file /n/home05/kirchner/hsph_scratch/projects/js_trinity/src/newbpipe/bwa.groovy 
bpipe.Pipeline	SEVERE	|11:12:09 Failed to evaluate script /n/home05/kirchner/hsph_scratch/projects/js_trinity/src/newbpipe/bwa.groovy: org.codehaus.groovy.control.MultipleCompilationErrorsException: startup failed:
Script1.groovy: 16: expecting anything but ''\n''; got it anyway @ line 16, column 46.
   ex -p $vectordir -a is $vector
                                 ^

1 error
 
bpipe.Pipeline	INFO	|11:12:09 Evaluating library file /n/home05/kirchner/hsph_scratch/projects/js_trinity/src/newbpipe/cutadapt.groovy 
bpipe.PipelineCategory	INFO	|11:12:09 Found closure variable trim_polya 
bpipe.PipelineCategory	INFO	|11:12:09 Found closure variable cutadapt 
bpipe.PipelineCategory	INFO	|11:12:09 Found closure variable trim_illum 
bpipe.Pipeline	INFO	|11:12:09 Evaluating library file /n/home05/kirchner/hsph_scratch/projects/js_trinity/src/newbpipe/fastqc.groovy 
bpipe.PipelineCategory	INFO	|11:12:09 Found closure variable trim_polya 
bpipe.PipelineCategory	INFO	|11:12:09 Found closure variable cutadapt 
bpipe.PipelineCategory	INFO	|11:12:09 Found closure variable trim_illum 
bpipe.PipelineCategory	INFO	|11:12:09 Found closure variable fastqc 
bpipe.Pipeline	INFO	|11:12:09 Evaluating library file /n/home05/kirchner/hsph_scratch/projects/js_trinity/src/newbpipe/jellyfish.groovy 
bpipe.Pipeline	INFO	|11:12:09 Running with input null 
bpipe.PipelineCategory	INFO	|11:12:09 Found closure variable trim_polya 
bpipe.PipelineCategory	INFO	|11:12:09 Found closure variable cutadapt 
bpipe.PipelineCategory	INFO	|11:12:09 Found closure variable trim_illum 
bpipe.PipelineCategory	INFO	|11:12:09 Found closure variable fastqc 
bpipe.PipelineCategory	INFO	|11:12:09 Found closure variable jellyfish_count 
bpipe.PipelineCategory	INFO	|11:12:09 Found closure variable jellyfish_merge 
bpipe.Pipeline	INFO	|11:12:09 Evaluating library file /n/home05/kirchner/hsph_scratch/projects/js_trinity/src/newbpipe/bwa.groovy 
bpipe.Pipeline	SEVERE	|11:12:09 Failed to evaluate script /n/home05/kirchner/hsph_scratch/projects/js_trinity/src/newbpipe/bwa.groovy: org.codehaus.groovy.control.MultipleCompilationErrorsException: startup failed:
Script1.groovy: 16: expecting anything but ''\n''; got it anyway @ line 16, column 46.
   ex -p $vectordir -a is $vector
                                 ^

1 error
 
bpipe.Pipeline	INFO	|11:12:09 Evaluating library file /n/home05/kirchner/hsph_scratch/projects/js_trinity/src/newbpipe/cutadapt.groovy 
bpipe.PipelineCategory	INFO	|11:12:09 Found closure variable trim_polya 
bpipe.PipelineCategory	INFO	|11:12:09 Found closure variable cutadapt 
bpipe.PipelineCategory	INFO	|11:12:09 Found closure variable trim_illum 
bpipe.Pipeline	INFO	|11:12:09 Evaluating library file /n/home05/kirchner/hsph_scratch/projects/js_trinity/src/newbpipe/fastqc.groovy 
bpipe.PipelineCategory	INFO	|11:12:09 Found closure variable trim_polya 
bpipe.PipelineCategory	INFO	|11:12:09 Found closure variable cutadapt 
bpipe.PipelineCategory	INFO	|11:12:09 Found closure variable trim_illum 
bpipe.PipelineCategory	INFO	|11:12:09 Found closure variable fastqc 
bpipe.Pipeline	INFO	|11:12:09 Evaluating library file /n/home05/kirchner/hsph_scratch/projects/js_trinity/src/newbpipe/jellyfish.groovy 
bpipe.Pipeline	INFO	|11:12:09 Running with input null 
bpipe.PipelineCategory	INFO	|11:12:09 Found closure variable trim_polya 
bpipe.PipelineCategory	INFO	|11:12:09 Found closure variable cutadapt 
bpipe.PipelineCategory	INFO	|11:12:09 Found closure variable trim_illum 
bpipe.PipelineCategory	INFO	|11:12:09 Found closure variable fastqc 
bpipe.PipelineCategory	INFO	|11:12:09 Found closure variable jellyfish_count 
bpipe.PipelineCategory	INFO	|11:12:09 Found closure variable jellyfish_merge 
bpipe.Pipeline	INFO	|11:12:09 Evaluating library file /n/home05/kirchner/hsph_scratch/projects/js_trinity/src/newbpipe/bwa.groovy 
bpipe.Pipeline	SEVERE	|11:12:09 Failed to evaluate script /n/home05/kirchner/hsph_scratch/projects/js_trinity/src/newbpipe/bwa.groovy: org.codehaus.groovy.control.MultipleCompilationErrorsException: startup failed:
Script1.groovy: 16: expecting anything but ''\n''; got it anyway @ line 16, column 46.
   ex -p $vectordir -a is $vector
                                 ^

1 error
 
bpipe.Pipeline	INFO	|11:12:09 Evaluating library file /n/home05/kirchner/hsph_scratch/projects/js_trinity/src/newbpipe/cutadapt.groovy 
bpipe.PipelineCategory	INFO	|11:12:09 Found closure variable trim_polya 
bpipe.PipelineCategory	INFO	|11:12:09 Found closure variable cutadapt 
bpipe.PipelineCategory	INFO	|11:12:09 Found closure variable trim_illum 
bpipe.Pipeline	INFO	|11:12:09 Evaluating library file /n/home05/kirchner/hsph_scratch/projects/js_trinity/src/newbpipe/fastqc.groovy 
bpipe.PipelineCategory	INFO	|11:12:09 Found closure variable trim_polya 
bpipe.PipelineCategory	INFO	|11:12:09 Found closure variable cutadapt 
bpipe.PipelineCategory	INFO	|11:12:09 Found closure variable trim_illum 
bpipe.PipelineCategory	INFO	|11:12:09 Found closure variable fastqc 
bpipe.Pipeline	INFO	|11:12:09 Evaluating library file /n/home05/kirchner/hsph_scratch/projects/js_trinity/src/newbpipe/jellyfish.groovy 
bpipe.Pipeline	INFO	|11:12:09 Running with input null 
bpipe.PipelineCategory	INFO	|11:12:09 Found closure variable trim_polya 
bpipe.PipelineCategory	INFO	|11:12:09 Found closure variable cutadapt 
bpipe.PipelineCategory	INFO	|11:12:09 Found closure variable trim_illum 
bpipe.PipelineCategory	INFO	|11:12:09 Found closure variable fastqc 
bpipe.PipelineCategory	INFO	|11:12:09 Found closure variable jellyfish_count 
bpipe.PipelineCategory	INFO	|11:12:09 Found closure variable jellyfish_merge 
bpipe.Pipeline	INFO	|11:12:09 Evaluating library file /n/home05/kirchner/hsph_scratch/projects/js_trinity/src/newbpipe/bwa.groovy 
bpipe.Pipeline	SEVERE	|11:12:09 Failed to evaluate script /n/home05/kirchner/hsph_scratch/projects/js_trinity/src/newbpipe/bwa.groovy: org.codehaus.groovy.control.MultipleCompilationErrorsException: startup failed:
Script1.groovy: 16: expecting anything but ''\n''; got it anyway @ line 16, column 46.
   ex -p $vectordir -a is $vector
                                 ^

1 error
 
bpipe.Pipeline	INFO	|11:12:09 Evaluating library file /n/home05/kirchner/hsph_scratch/projects/js_trinity/src/newbpipe/cutadapt.groovy 
bpipe.PipelineCategory	INFO	|11:12:09 Found closure variable trim_polya 
bpipe.PipelineCategory	INFO	|11:12:09 Found closure variable cutadapt 
bpipe.PipelineCategory	INFO	|11:12:09 Found closure variable trim_illum 
bpipe.Pipeline	INFO	|11:12:09 Evaluating library file /n/home05/kirchner/hsph_scratch/projects/js_trinity/src/newbpipe/fastqc.groovy 
bpipe.PipelineCategory	INFO	|11:12:09 Found closure variable trim_polya 
bpipe.PipelineCategory	INFO	|11:12:09 Found closure variable cutadapt 
bpipe.PipelineCategory	INFO	|11:12:09 Found closure variable trim_illum 
bpipe.PipelineCategory	INFO	|11:12:09 Found closure variable fastqc 
bpipe.Pipeline	INFO	|11:12:09 Evaluating library file /n/home05/kirchner/hsph_scratch/projects/js_trinity/src/newbpipe/jellyfish.groovy 
bpipe.Pipeline	INFO	|11:12:09 Running with input null 
bpipe.PipelineCategory	INFO	|11:12:09 Found closure variable trim_polya 
bpipe.PipelineCategory	INFO	|11:12:09 Found closure variable cutadapt 
bpipe.PipelineCategory	INFO	|11:12:09 Found closure variable trim_illum 
bpipe.PipelineCategory	INFO	|11:12:09 Found closure variable fastqc 
bpipe.PipelineCategory	INFO	|11:12:09 Found closure variable jellyfish_count 
bpipe.PipelineCategory	INFO	|11:12:09 Found closure variable jellyfish_merge 
bpipe.Pipeline	INFO	|11:12:09 Evaluating library file /n/home05/kirchner/hsph_scratch/projects/js_trinity/src/newbpipe/bwa.groovy 
bpipe.Pipeline	SEVERE	|11:12:09 Failed to evaluate script /n/home05/kirchner/hsph_scratch/projects/js_trinity/src/newbpipe/bwa.groovy: org.codehaus.groovy.control.MultipleCompilationErrorsException: startup failed:
Script1.groovy: 16: expecting anything but ''\n''; got it anyway @ line 16, column 46.
   ex -p $vectordir -a is $vector
                                 ^

1 error
 
bpipe.Pipeline	INFO	|11:12:09 Evaluating library file /n/home05/kirchner/hsph_scratch/projects/js_trinity/src/newbpipe/cutadapt.groovy 
bpipe.PipelineCategory	INFO	|11:12:10 Found closure variable trim_polya 
bpipe.PipelineCategory	INFO	|11:12:10 Found closure variable cutadapt 
bpipe.PipelineCategory	INFO	|11:12:10 Found closure variable trim_illum 
bpipe.Pipeline	INFO	|11:12:10 Evaluating library file /n/home05/kirchner/hsph_scratch/projects/js_trinity/src/newbpipe/fastqc.groovy 
bpipe.PipelineCategory	INFO	|11:12:10 Found closure variable trim_polya 
bpipe.PipelineCategory	INFO	|11:12:10 Found closure variable cutadapt 
bpipe.PipelineCategory	INFO	|11:12:10 Found closure variable trim_illum 
bpipe.PipelineCategory	INFO	|11:12:10 Found closure variable fastqc 
bpipe.Pipeline	INFO	|11:12:10 Evaluating library file /n/home05/kirchner/hsph_scratch/projects/js_trinity/src/newbpipe/jellyfish.groovy 
bpipe.Pipeline	INFO	|11:12:10 Running with input null 
bpipe.PipelineCategory	INFO	|11:12:10 Found closure variable trim_polya 
bpipe.PipelineCategory	INFO	|11:12:10 Found closure variable cutadapt 
bpipe.PipelineCategory	INFO	|11:12:10 Found closure variable trim_illum 
bpipe.PipelineCategory	INFO	|11:12:10 Found closure variable fastqc 
bpipe.PipelineCategory	INFO	|11:12:10 Found closure variable jellyfish_count 
bpipe.PipelineCategory	INFO	|11:12:10 Found closure variable jellyfish_merge 
bpipe.Pipeline	INFO	|11:12:10 Evaluating library file /n/home05/kirchner/hsph_scratch/projects/js_trinity/src/newbpipe/bwa.groovy 
bpipe.Pipeline	SEVERE	|11:12:10 Failed to evaluate script /n/home05/kirchner/hsph_scratch/projects/js_trinity/src/newbpipe/bwa.groovy: org.codehaus.groovy.control.MultipleCompilationErrorsException: startup failed:
Script1.groovy: 16: expecting anything but ''\n''; got it anyway @ line 16, column 46.
   ex -p $vectordir -a is $vector
                                 ^

1 error
 
bpipe.Pipeline	INFO	|11:12:10 Evaluating library file /n/home05/kirchner/hsph_scratch/projects/js_trinity/src/newbpipe/cutadapt.groovy 
bpipe.PipelineCategory	INFO	|11:12:10 Found closure variable trim_polya 
bpipe.PipelineCategory	INFO	|11:12:10 Found closure variable cutadapt 
bpipe.PipelineCategory	INFO	|11:12:10 Found closure variable trim_illum 
bpipe.Pipeline	INFO	|11:12:10 Evaluating library file /n/home05/kirchner/hsph_scratch/projects/js_trinity/src/newbpipe/fastqc.groovy 
bpipe.PipelineCategory	INFO	|11:12:10 Found closure variable trim_polya 
bpipe.PipelineCategory	INFO	|11:12:10 Found closure variable cutadapt 
bpipe.PipelineCategory	INFO	|11:12:10 Found closure variable trim_illum 
bpipe.PipelineCategory	INFO	|11:12:10 Found closure variable fastqc 
bpipe.Pipeline	INFO	|11:12:10 Evaluating library file /n/home05/kirchner/hsph_scratch/projects/js_trinity/src/newbpipe/jellyfish.groovy 
bpipe.Pipeline	INFO	|11:12:10 Running with input null 
bpipe.PipelineCategory	INFO	|11:12:10 Found closure variable trim_polya 
bpipe.PipelineCategory	INFO	|11:12:10 Found closure variable cutadapt 
bpipe.PipelineCategory	INFO	|11:12:10 Found closure variable trim_illum 
bpipe.PipelineCategory	INFO	|11:12:10 Found closure variable fastqc 
bpipe.PipelineCategory	INFO	|11:12:10 Found closure variable jellyfish_count 
bpipe.PipelineCategory	INFO	|11:12:10 Found closure variable jellyfish_merge 
bpipe.Pipeline	INFO	|11:12:10 Evaluating library file /n/home05/kirchner/hsph_scratch/projects/js_trinity/src/newbpipe/bwa.groovy 
bpipe.Pipeline	SEVERE	|11:12:10 Failed to evaluate script /n/home05/kirchner/hsph_scratch/projects/js_trinity/src/newbpipe/bwa.groovy: org.codehaus.groovy.control.MultipleCompilationErrorsException: startup failed:
Script1.groovy: 16: expecting anything but ''\n''; got it anyway @ line 16, column 46.
   ex -p $vectordir -a is $vector
                                 ^

1 error
 
bpipe.Pipeline	INFO	|11:12:10 Evaluating library file /n/home05/kirchner/hsph_scratch/projects/js_trinity/src/newbpipe/cutadapt.groovy 
bpipe.PipelineCategory	INFO	|11:12:10 Found closure variable trim_polya 
bpipe.PipelineCategory	INFO	|11:12:10 Found closure variable cutadapt 
bpipe.PipelineCategory	INFO	|11:12:10 Found closure variable trim_illum 
bpipe.Pipeline	INFO	|11:12:10 Evaluating library file /n/home05/kirchner/hsph_scratch/projects/js_trinity/src/newbpipe/fastqc.groovy 
bpipe.PipelineCategory	INFO	|11:12:10 Found closure variable trim_polya 
bpipe.PipelineCategory	INFO	|11:12:10 Found closure variable cutadapt 
bpipe.PipelineCategory	INFO	|11:12:10 Found closure variable trim_illum 
bpipe.PipelineCategory	INFO	|11:12:10 Found closure variable fastqc 
bpipe.Pipeline	INFO	|11:12:10 Evaluating library file /n/home05/kirchner/hsph_scratch/projects/js_trinity/src/newbpipe/jellyfish.groovy 
bpipe.Pipeline	INFO	|11:12:10 Running with input null 
bpipe.PipelineCategory	INFO	|11:12:10 Found closure variable trim_polya 
bpipe.PipelineCategory	INFO	|11:12:10 Found closure variable cutadapt 
bpipe.PipelineCategory	INFO	|11:12:10 Found closure variable trim_illum 
bpipe.PipelineCategory	INFO	|11:12:10 Found closure variable fastqc 
bpipe.PipelineCategory	INFO	|11:12:10 Found closure variable jellyfish_count 
bpipe.PipelineCategory	INFO	|11:12:10 Found closure variable jellyfish_merge 
bpipe.Pipeline	INFO	|11:12:10 Evaluating library file /n/home05/kirchner/hsph_scratch/projects/js_trinity/src/newbpipe/bwa.groovy 
bpipe.Pipeline	SEVERE	|11:12:10 Failed to evaluate script /n/home05/kirchner/hsph_scratch/projects/js_trinity/src/newbpipe/bwa.groovy: org.codehaus.groovy.control.MultipleCompilationErrorsException: startup failed:
Script1.groovy: 16: expecting anything but ''\n''; got it anyway @ line 16, column 46.
   ex -p $vectordir -a is $vector
                                 ^

1 error
 
bpipe.Pipeline	INFO	|11:12:10 Evaluating library file /n/home05/kirchner/hsph_scratch/projects/js_trinity/src/newbpipe/cutadapt.groovy 
bpipe.PipelineCategory	INFO	|11:12:10 Found closure variable trim_polya 
bpipe.PipelineCategory	INFO	|11:12:10 Found closure variable cutadapt 
bpipe.PipelineCategory	INFO	|11:12:10 Found closure variable trim_illum 
bpipe.Pipeline	INFO	|11:12:10 Evaluating library file /n/home05/kirchner/hsph_scratch/projects/js_trinity/src/newbpipe/fastqc.groovy 
bpipe.PipelineCategory	INFO	|11:12:10 Found closure variable trim_polya 
bpipe.PipelineCategory	INFO	|11:12:10 Found closure variable cutadapt 
bpipe.PipelineCategory	INFO	|11:12:10 Found closure variable trim_illum 
bpipe.PipelineCategory	INFO	|11:12:10 Found closure variable fastqc 
bpipe.Pipeline	INFO	|11:12:10 Evaluating library file /n/home05/kirchner/hsph_scratch/projects/js_trinity/src/newbpipe/jellyfish.groovy 
bpipe.Pipeline	INFO	|11:12:10 Running with input null 
bpipe.PipelineCategory	INFO	|11:12:10 Found closure variable trim_polya 
bpipe.PipelineCategory	INFO	|11:12:10 Found closure variable cutadapt 
bpipe.PipelineCategory	INFO	|11:12:10 Found closure variable trim_illum 
bpipe.PipelineCategory	INFO	|11:12:10 Found closure variable fastqc 
bpipe.PipelineCategory	INFO	|11:12:10 Found closure variable jellyfish_count 
bpipe.PipelineCategory	INFO	|11:12:10 Found closure variable jellyfish_merge 
bpipe.Pipeline	INFO	|11:12:10 Evaluating library file /n/home05/kirchner/hsph_scratch/projects/js_trinity/src/newbpipe/bwa.groovy 
bpipe.Pipeline	SEVERE	|11:12:10 Failed to evaluate script /n/home05/kirchner/hsph_scratch/projects/js_trinity/src/newbpipe/bwa.groovy: org.codehaus.groovy.control.MultipleCompilationErrorsException: startup failed:
Script1.groovy: 16: expecting anything but ''\n''; got it anyway @ line 16, column 46.
   ex -p $vectordir -a is $vector
                                 ^

1 error
 
bpipe.Pipeline	INFO	|11:12:10 Evaluating library file /n/home05/kirchner/hsph_scratch/projects/js_trinity/src/newbpipe/cutadapt.groovy 
bpipe.PipelineCategory	INFO	|11:12:10 Found closure variable trim_polya 
bpipe.PipelineCategory	INFO	|11:12:10 Found closure variable cutadapt 
bpipe.PipelineCategory	INFO	|11:12:10 Found closure variable trim_illum 
bpipe.Pipeline	INFO	|11:12:10 Evaluating library file /n/home05/kirchner/hsph_scratch/projects/js_trinity/src/newbpipe/fastqc.groovy 
bpipe.PipelineCategory	INFO	|11:12:10 Found closure variable trim_polya 
bpipe.PipelineCategory	INFO	|11:12:10 Found closure variable cutadapt 
bpipe.PipelineCategory	INFO	|11:12:10 Found closure variable trim_illum 
bpipe.PipelineCategory	INFO	|11:12:10 Found closure variable fastqc 
bpipe.Pipeline	INFO	|11:12:10 Evaluating library file /n/home05/kirchner/hsph_scratch/projects/js_trinity/src/newbpipe/jellyfish.groovy 
bpipe.Pipeline	INFO	|11:12:10 Running with input null 
bpipe.PipelineCategory	INFO	|11:12:10 Found closure variable trim_polya 
bpipe.PipelineCategory	INFO	|11:12:10 Found closure variable cutadapt 
bpipe.PipelineCategory	INFO	|11:12:10 Found closure variable trim_illum 
bpipe.PipelineCategory	INFO	|11:12:10 Found closure variable fastqc 
bpipe.PipelineCategory	INFO	|11:12:10 Found closure variable jellyfish_count 
bpipe.PipelineCategory	INFO	|11:12:10 Found closure variable jellyfish_merge 
bpipe.Pipeline	INFO	|11:12:10 Evaluating library file /n/home05/kirchner/hsph_scratch/projects/js_trinity/src/newbpipe/bwa.groovy 
bpipe.Pipeline	SEVERE	|11:12:10 Failed to evaluate script /n/home05/kirchner/hsph_scratch/projects/js_trinity/src/newbpipe/bwa.groovy: org.codehaus.groovy.control.MultipleCompilationErrorsException: startup failed:
Script1.groovy: 16: expecting anything but ''\n''; got it anyway @ line 16, column 46.
   ex -p $vectordir -a is $vector
                                 ^

1 error
 
bpipe.Pipeline	INFO	|11:12:10 Evaluating library file /n/home05/kirchner/hsph_scratch/projects/js_trinity/src/newbpipe/cutadapt.groovy 
bpipe.PipelineCategory	INFO	|11:12:10 Found closure variable trim_polya 
bpipe.PipelineCategory	INFO	|11:12:10 Found closure variable cutadapt 
bpipe.PipelineCategory	INFO	|11:12:10 Found closure variable trim_illum 
bpipe.Pipeline	INFO	|11:12:10 Evaluating library file /n/home05/kirchner/hsph_scratch/projects/js_trinity/src/newbpipe/fastqc.groovy 
bpipe.PipelineCategory	INFO	|11:12:10 Found closure variable trim_polya 
bpipe.PipelineCategory	INFO	|11:12:10 Found closure variable cutadapt 
bpipe.PipelineCategory	INFO	|11:12:10 Found closure variable trim_illum 
bpipe.PipelineCategory	INFO	|11:12:10 Found closure variable fastqc 
bpipe.Pipeline	INFO	|11:12:10 Evaluating library file /n/home05/kirchner/hsph_scratch/projects/js_trinity/src/newbpipe/jellyfish.groovy 
bpipe.Pipeline	INFO	|11:12:10 Running with input null 
bpipe.PipelineCategory	INFO	|11:12:10 Found closure variable trim_polya 
bpipe.PipelineCategory	INFO	|11:12:10 Found closure variable cutadapt 
bpipe.PipelineCategory	INFO	|11:12:10 Found closure variable trim_illum 
bpipe.PipelineCategory	INFO	|11:12:10 Found closure variable fastqc 
bpipe.PipelineCategory	INFO	|11:12:10 Found closure variable jellyfish_count 
bpipe.PipelineCategory	INFO	|11:12:10 Found closure variable jellyfish_merge 
bpipe.Pipeline	INFO	|11:12:10 Evaluating library file /n/home05/kirchner/hsph_scratch/projects/js_trinity/src/newbpipe/bwa.groovy 
bpipe.Pipeline	SEVERE	|11:12:10 Failed to evaluate script /n/home05/kirchner/hsph_scratch/projects/js_trinity/src/newbpipe/bwa.groovy: org.codehaus.groovy.control.MultipleCompilationErrorsException: startup failed:
Script1.groovy: 16: expecting anything but ''\n''; got it anyway @ line 16, column 46.
   ex -p $vectordir -a is $vector
                                 ^

1 error
 
bpipe.Pipeline	INFO	|11:12:10 Evaluating library file /n/home05/kirchner/hsph_scratch/projects/js_trinity/src/newbpipe/cutadapt.groovy 
bpipe.PipelineCategory	INFO	|11:12:10 Found closure variable trim_polya 
bpipe.PipelineCategory	INFO	|11:12:10 Found closure variable cutadapt 
bpipe.PipelineCategory	INFO	|11:12:10 Found closure variable trim_illum 
bpipe.Pipeline	INFO	|11:12:10 Evaluating library file /n/home05/kirchner/hsph_scratch/projects/js_trinity/src/newbpipe/fastqc.groovy 
bpipe.PipelineCategory	INFO	|11:12:11 Found closure variable trim_polya 
bpipe.PipelineCategory	INFO	|11:12:11 Found closure variable cutadapt 
bpipe.PipelineCategory	INFO	|11:12:11 Found closure variable trim_illum 
bpipe.PipelineCategory	INFO	|11:12:11 Found closure variable fastqc 
bpipe.Pipeline	INFO	|11:12:11 Evaluating library file /n/home05/kirchner/hsph_scratch/projects/js_trinity/src/newbpipe/jellyfish.groovy 
bpipe.Pipeline	INFO	|11:12:11 Running with input null 
bpipe.PipelineCategory	INFO	|11:12:11 Found closure variable trim_polya 
bpipe.PipelineCategory	INFO	|11:12:11 Found closure variable cutadapt 
bpipe.PipelineCategory	INFO	|11:12:11 Found closure variable trim_illum 
bpipe.PipelineCategory	INFO	|11:12:11 Found closure variable fastqc 
bpipe.PipelineCategory	INFO	|11:12:11 Found closure variable jellyfish_count 
bpipe.PipelineCategory	INFO	|11:12:11 Found closure variable jellyfish_merge 
bpipe.Pipeline	INFO	|11:12:11 Evaluating library file /n/home05/kirchner/hsph_scratch/projects/js_trinity/src/newbpipe/bwa.groovy 
bpipe.Pipeline	SEVERE	|11:12:11 Failed to evaluate script /n/home05/kirchner/hsph_scratch/projects/js_trinity/src/newbpipe/bwa.groovy: org.codehaus.groovy.control.MultipleCompilationErrorsException: startup failed:
Script1.groovy: 16: expecting anything but ''\n''; got it anyway @ line 16, column 46.
   ex -p $vectordir -a is $vector
                                 ^

1 error
 
bpipe.Pipeline	INFO	|11:12:11 Evaluating library file /n/home05/kirchner/hsph_scratch/projects/js_trinity/src/newbpipe/cutadapt.groovy 
bpipe.PipelineCategory	INFO	|11:12:11 Found closure variable trim_polya 
bpipe.PipelineCategory	INFO	|11:12:11 Found closure variable cutadapt 
bpipe.PipelineCategory	INFO	|11:12:11 Found closure variable trim_illum 
bpipe.Pipeline	INFO	|11:12:11 Evaluating library file /n/home05/kirchner/hsph_scratch/projects/js_trinity/src/newbpipe/fastqc.groovy 
bpipe.PipelineCategory	INFO	|11:12:11 Found closure variable trim_polya 
bpipe.PipelineCategory	INFO	|11:12:11 Found closure variable cutadapt 
bpipe.PipelineCategory	INFO	|11:12:11 Found closure variable trim_illum 
bpipe.PipelineCategory	INFO	|11:12:11 Found closure variable fastqc 
bpipe.Pipeline	INFO	|11:12:11 Evaluating library file /n/home05/kirchner/hsph_scratch/projects/js_trinity/src/newbpipe/jellyfish.groovy 
bpipe.Pipeline	INFO	|11:12:11 Running with input null 
bpipe.PipelineCategory	INFO	|11:12:11 Found closure variable trim_polya 
bpipe.PipelineCategory	INFO	|11:12:11 Found closure variable cutadapt 
bpipe.PipelineCategory	INFO	|11:12:11 Found closure variable trim_illum 
bpipe.PipelineCategory	INFO	|11:12:11 Found closure variable fastqc 
bpipe.PipelineCategory	INFO	|11:12:11 Found closure variable jellyfish_count 
bpipe.PipelineCategory	INFO	|11:12:11 Found closure variable jellyfish_merge 
bpipe.Pipeline	INFO	|11:12:11 Evaluating library file /n/home05/kirchner/hsph_scratch/projects/js_trinity/src/newbpipe/bwa.groovy 
bpipe.Pipeline	SEVERE	|11:12:11 Failed to evaluate script /n/home05/kirchner/hsph_scratch/projects/js_trinity/src/newbpipe/bwa.groovy: org.codehaus.groovy.control.MultipleCompilationErrorsException: startup failed:
Script1.groovy: 16: expecting anything but ''\n''; got it anyway @ line 16, column 46.
   ex -p $vectordir -a is $vector
                                 ^

1 error
 
bpipe.Pipeline	INFO	|11:12:11 Evaluating library file /n/home05/kirchner/hsph_scratch/projects/js_trinity/src/newbpipe/cutadapt.groovy 
bpipe.PipelineCategory	INFO	|11:12:11 Found closure variable trim_polya 
bpipe.PipelineCategory	INFO	|11:12:11 Found closure variable cutadapt 
bpipe.PipelineCategory	INFO	|11:12:11 Found closure variable trim_illum 
bpipe.Pipeline	INFO	|11:12:11 Evaluating library file /n/home05/kirchner/hsph_scratch/projects/js_trinity/src/newbpipe/fastqc.groovy 
bpipe.PipelineCategory	INFO	|11:12:11 Found closure variable trim_polya 
bpipe.PipelineCategory	INFO	|11:12:11 Found closure variable cutadapt 
bpipe.PipelineCategory	INFO	|11:12:11 Found closure variable trim_illum 
bpipe.PipelineCategory	INFO	|11:12:11 Found closure variable fastqc 
bpipe.Pipeline	INFO	|11:12:11 Evaluating library file /n/home05/kirchner/hsph_scratch/projects/js_trinity/src/newbpipe/jellyfish.groovy 
bpipe.Pipeline	INFO	|11:12:11 Running with input null 
bpipe.PipelineCategory	INFO	|11:12:11 Found closure variable trim_polya 
bpipe.PipelineCategory	INFO	|11:12:11 Found closure variable cutadapt 
bpipe.PipelineCategory	INFO	|11:12:11 Found closure variable trim_illum 
bpipe.PipelineCategory	INFO	|11:12:11 Found closure variable fastqc 
bpipe.PipelineCategory	INFO	|11:12:11 Found closure variable jellyfish_count 
bpipe.PipelineCategory	INFO	|11:12:11 Found closure variable jellyfish_merge 
bpipe.Pipeline	INFO	|11:12:11 Evaluating library file /n/home05/kirchner/hsph_scratch/projects/js_trinity/src/newbpipe/bwa.groovy 
bpipe.Pipeline	SEVERE	|11:12:11 Failed to evaluate script /n/home05/kirchner/hsph_scratch/projects/js_trinity/src/newbpipe/bwa.groovy: org.codehaus.groovy.control.MultipleCompilationErrorsException: startup failed:
Script1.groovy: 16: expecting anything but ''\n''; got it anyway @ line 16, column 46.
   ex -p $vectordir -a is $vector
                                 ^

1 error
 
bpipe.Pipeline	INFO	|11:12:11 Evaluating library file /n/home05/kirchner/hsph_scratch/projects/js_trinity/src/newbpipe/cutadapt.groovy 
bpipe.PipelineCategory	INFO	|11:12:11 Found closure variable trim_polya 
bpipe.PipelineCategory	INFO	|11:12:11 Found closure variable cutadapt 
bpipe.PipelineCategory	INFO	|11:12:11 Found closure variable trim_illum 
bpipe.Pipeline	INFO	|11:12:11 Evaluating library file /n/home05/kirchner/hsph_scratch/projects/js_trinity/src/newbpipe/fastqc.groovy 
bpipe.PipelineCategory	INFO	|11:12:11 Found closure variable trim_polya 
bpipe.PipelineCategory	INFO	|11:12:11 Found closure variable cutadapt 
bpipe.PipelineCategory	INFO	|11:12:11 Found closure variable trim_illum 
bpipe.PipelineCategory	INFO	|11:12:11 Found closure variable fastqc 
bpipe.Pipeline	INFO	|11:12:11 Evaluating library file /n/home05/kirchner/hsph_scratch/projects/js_trinity/src/newbpipe/jellyfish.groovy 
bpipe.Pipeline	INFO	|11:12:11 Running with input null 
bpipe.PipelineCategory	INFO	|11:12:11 Found closure variable trim_polya 
bpipe.PipelineCategory	INFO	|11:12:11 Found closure variable cutadapt 
bpipe.PipelineCategory	INFO	|11:12:11 Found closure variable trim_illum 
bpipe.PipelineCategory	INFO	|11:12:11 Found closure variable fastqc 
bpipe.PipelineCategory	INFO	|11:12:11 Found closure variable jellyfish_count 
bpipe.PipelineCategory	INFO	|11:12:11 Found closure variable jellyfish_merge 
bpipe.Pipeline	INFO	|11:12:11 Evaluating library file /n/home05/kirchner/hsph_scratch/projects/js_trinity/src/newbpipe/bwa.groovy 
bpipe.Pipeline	SEVERE	|11:12:11 Failed to evaluate script /n/home05/kirchner/hsph_scratch/projects/js_trinity/src/newbpipe/bwa.groovy: org.codehaus.groovy.control.MultipleCompilationErrorsException: startup failed:
Script1.groovy: 16: expecting anything but ''\n''; got it anyway @ line 16, column 46.
   ex -p $vectordir -a is $vector
                                 ^

1 error
 
bpipe.Pipeline	INFO	|11:12:11 Evaluating library file /n/home05/kirchner/hsph_scratch/projects/js_trinity/src/newbpipe/cutadapt.groovy 
bpipe.PipelineCategory	INFO	|11:12:11 Found closure variable trim_polya 
bpipe.PipelineCategory	INFO	|11:12:11 Found closure variable cutadapt 
bpipe.PipelineCategory	INFO	|11:12:11 Found closure variable trim_illum 
bpipe.Pipeline	INFO	|11:12:11 Evaluating library file /n/home05/kirchner/hsph_scratch/projects/js_trinity/src/newbpipe/fastqc.groovy 
bpipe.PipelineCategory	INFO	|11:12:11 Found closure variable trim_polya 
bpipe.PipelineCategory	INFO	|11:12:11 Found closure variable cutadapt 
bpipe.PipelineCategory	INFO	|11:12:11 Found closure variable trim_illum 
bpipe.PipelineCategory	INFO	|11:12:11 Found closure variable fastqc 
bpipe.Pipeline	INFO	|11:12:11 Evaluating library file /n/home05/kirchner/hsph_scratch/projects/js_trinity/src/newbpipe/jellyfish.groovy 
bpipe.Pipeline	INFO	|11:12:11 Running with input null 
bpipe.PipelineCategory	INFO	|11:12:11 Found closure variable trim_polya 
bpipe.PipelineCategory	INFO	|11:12:11 Found closure variable cutadapt 
bpipe.PipelineCategory	INFO	|11:12:11 Found closure variable trim_illum 
bpipe.PipelineCategory	INFO	|11:12:11 Found closure variable fastqc 
bpipe.PipelineCategory	INFO	|11:12:11 Found closure variable jellyfish_count 
bpipe.PipelineCategory	INFO	|11:12:11 Found closure variable jellyfish_merge 
bpipe.Pipeline	INFO	|11:12:11 Evaluating library file /n/home05/kirchner/hsph_scratch/projects/js_trinity/src/newbpipe/bwa.groovy 
bpipe.Pipeline	SEVERE	|11:12:11 Failed to evaluate script /n/home05/kirchner/hsph_scratch/projects/js_trinity/src/newbpipe/bwa.groovy: org.codehaus.groovy.control.MultipleCompilationErrorsException: startup failed:
Script1.groovy: 16: expecting anything but ''\n''; got it anyway @ line 16, column 46.
   ex -p $vectordir -a is $vector
                                 ^

1 error
 
bpipe.Pipeline	INFO	|11:12:11 Evaluating library file /n/home05/kirchner/hsph_scratch/projects/js_trinity/src/newbpipe/cutadapt.groovy 
bpipe.PipelineCategory	INFO	|11:12:11 Found closure variable trim_polya 
bpipe.PipelineCategory	INFO	|11:12:11 Found closure variable cutadapt 
bpipe.PipelineCategory	INFO	|11:12:11 Found closure variable trim_illum 
bpipe.Pipeline	INFO	|11:12:11 Evaluating library file /n/home05/kirchner/hsph_scratch/projects/js_trinity/src/newbpipe/fastqc.groovy 
bpipe.PipelineCategory	INFO	|11:12:11 Found closure variable trim_polya 
bpipe.PipelineCategory	INFO	|11:12:11 Found closure variable cutadapt 
bpipe.PipelineCategory	INFO	|11:12:11 Found closure variable trim_illum 
bpipe.PipelineCategory	INFO	|11:12:11 Found closure variable fastqc 
bpipe.Pipeline	INFO	|11:12:11 Evaluating library file /n/home05/kirchner/hsph_scratch/projects/js_trinity/src/newbpipe/jellyfish.groovy 
bpipe.Pipeline	INFO	|11:12:11 Running with input null 
bpipe.PipelineCategory	INFO	|11:12:11 Found closure variable trim_polya 
bpipe.PipelineCategory	INFO	|11:12:11 Found closure variable cutadapt 
bpipe.PipelineCategory	INFO	|11:12:11 Found closure variable trim_illum 
bpipe.PipelineCategory	INFO	|11:12:11 Found closure variable fastqc 
bpipe.PipelineCategory	INFO	|11:12:11 Found closure variable jellyfish_count 
bpipe.PipelineCategory	INFO	|11:12:11 Found closure variable jellyfish_merge 
bpipe.Pipeline	INFO	|11:12:11 Evaluating library file /n/home05/kirchner/hsph_scratch/projects/js_trinity/src/newbpipe/bwa.groovy 
bpipe.Pipeline	SEVERE	|11:12:11 Failed to evaluate script /n/home05/kirchner/hsph_scratch/projects/js_trinity/src/newbpipe/bwa.groovy: org.codehaus.groovy.control.MultipleCompilationErrorsException: startup failed:
Script1.groovy: 16: expecting anything but ''\n''; got it anyway @ line 16, column 46.
   ex -p $vectordir -a is $vector
                                 ^

1 error
 
bpipe.Pipeline	INFO	|11:12:11 Evaluating library file /n/home05/kirchner/hsph_scratch/projects/js_trinity/src/newbpipe/cutadapt.groovy 
bpipe.PipelineCategory	INFO	|11:12:11 Found closure variable trim_polya 
bpipe.PipelineCategory	INFO	|11:12:11 Found closure variable cutadapt 
bpipe.PipelineCategory	INFO	|11:12:11 Found closure variable trim_illum 
bpipe.Pipeline	INFO	|11:12:11 Evaluating library file /n/home05/kirchner/hsph_scratch/projects/js_trinity/src/newbpipe/fastqc.groovy 
bpipe.PipelineCategory	INFO	|11:12:11 Found closure variable trim_polya 
bpipe.PipelineCategory	INFO	|11:12:11 Found closure variable cutadapt 
bpipe.PipelineCategory	INFO	|11:12:11 Found closure variable trim_illum 
bpipe.PipelineCategory	INFO	|11:12:11 Found closure variable fastqc 
bpipe.Pipeline	INFO	|11:12:11 Evaluating library file /n/home05/kirchner/hsph_scratch/projects/js_trinity/src/newbpipe/jellyfish.groovy 
bpipe.Pipeline	INFO	|11:12:12 Running with input null 
bpipe.PipelineCategory	INFO	|11:12:12 Found closure variable trim_polya 
bpipe.PipelineCategory	INFO	|11:12:12 Found closure variable cutadapt 
bpipe.PipelineCategory	INFO	|11:12:12 Found closure variable trim_illum 
bpipe.PipelineCategory	INFO	|11:12:12 Found closure variable fastqc 
bpipe.PipelineCategory	INFO	|11:12:12 Found closure variable jellyfish_count 
bpipe.PipelineCategory	INFO	|11:12:12 Found closure variable jellyfish_merge 
bpipe.Pipeline	INFO	|11:12:12 Evaluating library file /n/home05/kirchner/hsph_scratch/projects/js_trinity/src/newbpipe/bwa.groovy 
bpipe.Pipeline	SEVERE	|11:12:12 Failed to evaluate script /n/home05/kirchner/hsph_scratch/projects/js_trinity/src/newbpipe/bwa.groovy: org.codehaus.groovy.control.MultipleCompilationErrorsException: startup failed:
Script1.groovy: 16: expecting anything but ''\n''; got it anyway @ line 16, column 46.
   ex -p $vectordir -a is $vector
                                 ^

1 error
 
bpipe.Pipeline	INFO	|11:12:12 Evaluating library file /n/home05/kirchner/hsph_scratch/projects/js_trinity/src/newbpipe/cutadapt.groovy 
bpipe.PipelineCategory	INFO	|11:12:12 Found closure variable trim_polya 
bpipe.PipelineCategory	INFO	|11:12:12 Found closure variable cutadapt 
bpipe.PipelineCategory	INFO	|11:12:12 Found closure variable trim_illum 
bpipe.Pipeline	INFO	|11:12:12 Evaluating library file /n/home05/kirchner/hsph_scratch/projects/js_trinity/src/newbpipe/fastqc.groovy 
bpipe.PipelineCategory	INFO	|11:12:12 Found closure variable trim_polya 
bpipe.PipelineCategory	INFO	|11:12:12 Found closure variable cutadapt 
bpipe.PipelineCategory	INFO	|11:12:12 Found closure variable trim_illum 
bpipe.PipelineCategory	INFO	|11:12:12 Found closure variable fastqc 
bpipe.Pipeline	INFO	|11:12:12 Evaluating library file /n/home05/kirchner/hsph_scratch/projects/js_trinity/src/newbpipe/jellyfish.groovy 
bpipe.Pipeline	INFO	|11:12:12 Running with input null 
bpipe.PipelineCategory	INFO	|11:12:12 Found closure variable trim_polya 
bpipe.PipelineCategory	INFO	|11:12:12 Found closure variable cutadapt 
bpipe.PipelineCategory	INFO	|11:12:12 Found closure variable trim_illum 
bpipe.PipelineCategory	INFO	|11:12:12 Found closure variable fastqc 
bpipe.PipelineCategory	INFO	|11:12:12 Found closure variable jellyfish_count 
bpipe.PipelineCategory	INFO	|11:12:12 Found closure variable jellyfish_merge 
bpipe.Pipeline	INFO	|11:12:12 Evaluating library file /n/home05/kirchner/hsph_scratch/projects/js_trinity/src/newbpipe/bwa.groovy 
bpipe.Pipeline	SEVERE	|11:12:12 Failed to evaluate script /n/home05/kirchner/hsph_scratch/projects/js_trinity/src/newbpipe/bwa.groovy: org.codehaus.groovy.control.MultipleCompilationErrorsException: startup failed:
Script1.groovy: 16: expecting anything but ''\n''; got it anyway @ line 16, column 46.
   ex -p $vectordir -a is $vector
                                 ^

1 error
 
bpipe.Pipeline	INFO	|11:12:12 Evaluating library file /n/home05/kirchner/hsph_scratch/projects/js_trinity/src/newbpipe/cutadapt.groovy 
bpipe.PipelineCategory	INFO	|11:12:12 Found closure variable trim_polya 
bpipe.PipelineCategory	INFO	|11:12:12 Found closure variable cutadapt 
bpipe.PipelineCategory	INFO	|11:12:12 Found closure variable trim_illum 
bpipe.Pipeline	INFO	|11:12:12 Evaluating library file /n/home05/kirchner/hsph_scratch/projects/js_trinity/src/newbpipe/fastqc.groovy 
bpipe.PipelineCategory	INFO	|11:12:12 Found closure variable trim_polya 
bpipe.PipelineCategory	INFO	|11:12:12 Found closure variable cutadapt 
bpipe.PipelineCategory	INFO	|11:12:12 Found closure variable trim_illum 
bpipe.PipelineCategory	INFO	|11:12:12 Found closure variable fastqc 
bpipe.Pipeline	INFO	|11:12:12 Evaluating library file /n/home05/kirchner/hsph_scratch/projects/js_trinity/src/newbpipe/jellyfish.groovy 
bpipe.Pipeline	INFO	|11:12:12 Running with input null 
bpipe.PipelineCategory	INFO	|11:12:12 Found closure variable trim_polya 
bpipe.PipelineCategory	INFO	|11:12:12 Found closure variable cutadapt 
bpipe.PipelineCategory	INFO	|11:12:12 Found closure variable trim_illum 
bpipe.PipelineCategory	INFO	|11:12:12 Found closure variable fastqc 
bpipe.PipelineCategory	INFO	|11:12:12 Found closure variable jellyfish_count 
bpipe.PipelineCategory	INFO	|11:12:12 Found closure variable jellyfish_merge 
bpipe.Pipeline	INFO	|11:12:12 Evaluating library file /n/home05/kirchner/hsph_scratch/projects/js_trinity/src/newbpipe/bwa.groovy 
bpipe.Pipeline	SEVERE	|11:12:12 Failed to evaluate script /n/home05/kirchner/hsph_scratch/projects/js_trinity/src/newbpipe/bwa.groovy: org.codehaus.groovy.control.MultipleCompilationErrorsException: startup failed:
Script1.groovy: 16: expecting anything but ''\n''; got it anyway @ line 16, column 46.
   ex -p $vectordir -a is $vector
                                 ^

1 error
 
bpipe.Pipeline	INFO	|11:12:12 Evaluating library file /n/home05/kirchner/hsph_scratch/projects/js_trinity/src/newbpipe/cutadapt.groovy 
bpipe.Runner	INFO	|11:12:12 Deleting job file /n/home05/kirchner/.bpipedb/jobs/12204 
